<html>
<head>
<title>TestNG:  Default test</title>
<link href="../testng.css" rel="stylesheet" type="text/css" />
<link href="../my-testng.css" rel="stylesheet" type="text/css" />

<style type="text/css">
.log { display: none;} 
.stack-trace { display: none;} 
</style>
<script type="text/javascript">
<!--
function flip(e) {
  current = e.style.display;
  if (current == 'block') {
    e.style.display = 'none';
    return 0;
  }
  else {
    e.style.display = 'block';
    return 1;
  }
}

function toggleBox(szDivId, elem, msg1, msg2)
{
  var res = -1;  if (document.getElementById) {
    res = flip(document.getElementById(szDivId));
  }
  else if (document.all) {
    // this is the way old msie versions work
    res = flip(document.all[szDivId]);
  }
  if(elem) {
    if(res == 0) elem.innerHTML = msg1; else elem.innerHTML = msg2;
  }

}

function toggleAllBoxes() {
  if (document.getElementsByTagName) {
    d = document.getElementsByTagName('div');
    for (i = 0; i < d.length; i++) {
      if (d[i].className == 'log') {
        flip(d[i]);
      }
    }
  }
}

// -->
</script>

</head>
<body>
<h2 align='center'>Default test</h2><table border='1' align="center">
<tr>
<td>Tests passed/Failed/Skipped:</td><td>41/1/0</td>
</tr><tr>
<td>Started on:</td><td>Mon Apr 11 22:35:49 EEST 2022</td>
</tr>
<tr><td>Total time:</td><td>461 seconds (461878 ms)</td>
</tr><tr>
<td>Included groups:</td><td></td>
</tr><tr>
<td>Excluded groups:</td><td></td>
</tr>
</table><p/>
<small><i>(Hover the method name to see the test class name)</i></small><p/>
<table width='100%' border='1' class='invocation-failed'>
<tr><td colspan='4' align='center'><b>FAILED TESTS</b></td></tr>
<tr><td><b>Test method</b></td>
<td width="30%"><b>Exception</b></td>
<td width="10%"><b>Time (seconds)</b></td>
<td><b>Instance</b></td>
</tr>
<tr>
<td title='com.bddcucumberframework.runner.TestNGtestRunner.runScenario()'><b>runScenario</b><br>Test class: com.bddcucumberframework.runner.TestNGtestRunner<br>Test method: Runs Cucumber Scenarios<br>Parameters: "File Successfully Download", "Optional[Reporting Method]"</td>
<td><div><pre>org.openqa.selenium.InvalidArgumentException: invalid argument: File not found : C:\Users\onoff\Downloads\importData.csv
  (Session info: chrome=99.0.4844.84)
Build info: version: &apos;3.141.59&apos;, revision: &apos;e82be7d358&apos;, time: &apos;2018-11-14T08:17:03&apos;
System info: host: &apos;DESKTOP-DHM9ER7&apos;, ip: &apos;192.168.0.23&apos;, os.name: &apos;Windows 10&apos;, os.arch: &apos;amd64&apos;, os.version: &apos;10.0&apos;, java.version: &apos;17.0.1&apos;
Driver info: org.openqa.selenium.chrome.ChromeDriver
Capabilities {acceptInsecureCerts: false, browserName: chrome, browserVersion: 99.0.4844.84, chrome: {chromedriverVersion: 98.0.4758.102 (273bf7ac8c90..., userDataDir: C:\Users\HP\AppData\Local\T...}, goog:chromeOptions: {debuggerAddress: localhost:60695}, javascriptEnabled: true, networkConnectionEnabled: false, pageLoadStrategy: normal, platform: WINDOWS, platformName: WINDOWS, proxy: Proxy(), setWindowRect: true, strictFileInteractability: false, timeouts: {implicit: 0, pageLoad: 300000, script: 30000}, unhandledPromptBehavior: dismiss and notify, webauthn:extension:credBlob: true, webauthn:extension:largeBlob: true, webauthn:virtualAuthenticators: true}
Session ID: e62ec6db160ad8e6a66e3ae3af783d52
	at java.base/jdk.internal.reflect.NativeConstructorAccessorImpl.newInstance0(Native Method)
	at java.base/jdk.internal.reflect.NativeConstructorAccessorImpl.newInstance(NativeConstructorAccessorImpl.java:77)
	at java.base/jdk.internal.reflect.DelegatingConstructorAccessorImpl.newInstance(DelegatingConstructorAccessorImpl.java:45)
	at java.base/java.lang.reflect.Constructor.newInstanceWithCaller(Constructor.java:499)
	at java.base/java.lang.reflect.Constructor.newInstance(Constructor.java:480)
	at org.openqa.selenium.remote.http.W3CHttpResponseCodec.createException(W3CHttpResponseCodec.java:187)
	at org.openqa.selenium.remote.http.W3CHttpResponseCodec.decode(W3CHttpResponseCodec.java:122)
	at org.openqa.selenium.remote.http.W3CHttpResponseCodec.decode(W3CHttpResponseCodec.java:49)
	at org.openqa.selenium.remote.HttpCommandExecutor.execute(HttpCommandExecutor.java:158)
	at org.openqa.selenium.remote.service.DriverCommandExecutor.execute(DriverCommandExecutor.java:83)
	at org.openqa.selenium.remote.RemoteWebDriver.execute(RemoteWebDriver.java:552)
	at org.openqa.selenium.remote.RemoteWebElement.execute(RemoteWebElement.java:285)
	at org.openqa.selenium.remote.RemoteWebElement.sendKeys(RemoteWebElement.java:106)
	at com.bddcucumberframework.pagesObject.DataImportPage.uploadFileInDataImportSection(DataImportPage.java:55)
	at com.bddcucumberframework.stepDefinations.DataImportPageStepDefination.upload_file_from_data_import_section(DataImportPageStepDefination.java:57)
	at ?.Upload File from Data Import Section(file:///C:/WebProject/Demo-Orange-hrm/src/test/java/features/DataImport.feature:14)
</pre></div><a href='#' onClick='toggleBox("stack-trace517025040", this, "Click to show all stack frames", "Click to hide stack frames")'>Click to show all stack frames</a>
<div class='stack-trace' id='stack-trace517025040'><pre>org.openqa.selenium.InvalidArgumentException: invalid argument: File not found : C:\Users\onoff\Downloads\importData.csv
  (Session info: chrome=99.0.4844.84)
Build info: version: &apos;3.141.59&apos;, revision: &apos;e82be7d358&apos;, time: &apos;2018-11-14T08:17:03&apos;
System info: host: &apos;DESKTOP-DHM9ER7&apos;, ip: &apos;192.168.0.23&apos;, os.name: &apos;Windows 10&apos;, os.arch: &apos;amd64&apos;, os.version: &apos;10.0&apos;, java.version: &apos;17.0.1&apos;
Driver info: org.openqa.selenium.chrome.ChromeDriver
Capabilities {acceptInsecureCerts: false, browserName: chrome, browserVersion: 99.0.4844.84, chrome: {chromedriverVersion: 98.0.4758.102 (273bf7ac8c90..., userDataDir: C:\Users\HP\AppData\Local\T...}, goog:chromeOptions: {debuggerAddress: localhost:60695}, javascriptEnabled: true, networkConnectionEnabled: false, pageLoadStrategy: normal, platform: WINDOWS, platformName: WINDOWS, proxy: Proxy(), setWindowRect: true, strictFileInteractability: false, timeouts: {implicit: 0, pageLoad: 300000, script: 30000}, unhandledPromptBehavior: dismiss and notify, webauthn:extension:credBlob: true, webauthn:extension:largeBlob: true, webauthn:virtualAuthenticators: true}
Session ID: e62ec6db160ad8e6a66e3ae3af783d52
	at java.base/jdk.internal.reflect.NativeConstructorAccessorImpl.newInstance0(Native Method)
	at java.base/jdk.internal.reflect.NativeConstructorAccessorImpl.newInstance(NativeConstructorAccessorImpl.java:77)
	at java.base/jdk.internal.reflect.DelegatingConstructorAccessorImpl.newInstance(DelegatingConstructorAccessorImpl.java:45)
	at java.base/java.lang.reflect.Constructor.newInstanceWithCaller(Constructor.java:499)
	at java.base/java.lang.reflect.Constructor.newInstance(Constructor.java:480)
	at org.openqa.selenium.remote.http.W3CHttpResponseCodec.createException(W3CHttpResponseCodec.java:187)
	at org.openqa.selenium.remote.http.W3CHttpResponseCodec.decode(W3CHttpResponseCodec.java:122)
	at org.openqa.selenium.remote.http.W3CHttpResponseCodec.decode(W3CHttpResponseCodec.java:49)
	at org.openqa.selenium.remote.HttpCommandExecutor.execute(HttpCommandExecutor.java:158)
	at org.openqa.selenium.remote.service.DriverCommandExecutor.execute(DriverCommandExecutor.java:83)
	at org.openqa.selenium.remote.RemoteWebDriver.execute(RemoteWebDriver.java:552)
	at org.openqa.selenium.remote.RemoteWebElement.execute(RemoteWebElement.java:285)
	at org.openqa.selenium.remote.RemoteWebElement.sendKeys(RemoteWebElement.java:106)
	at com.bddcucumberframework.pagesObject.DataImportPage.uploadFileInDataImportSection(DataImportPage.java:55)
	at com.bddcucumberframework.stepDefinations.DataImportPageStepDefination.upload_file_from_data_import_section(DataImportPageStepDefination.java:57)
	at ?.Upload File from Data Import Section(file:///C:/WebProject/Demo-Orange-hrm/src/test/java/features/DataImport.feature:14)
</pre></div></td>
<td>9</td>
<td>com.bddcucumberframework.runner.TestNGtestRunner@43dac38f</td></tr>
</table><p>
<table width='100%' border='1' class='invocation-passed'>
<tr><td colspan='4' align='center'><b>PASSED TESTS</b></td></tr>
<tr><td><b>Test method</b></td>
<td width="30%"><b>Exception</b></td>
<td width="10%"><b>Time (seconds)</b></td>
<td><b>Instance</b></td>
</tr>
<tr>
<td title='com.bddcucumberframework.runner.TestNGtestRunner.runScenario()'><b>runScenario</b><br>Test class: com.bddcucumberframework.runner.TestNGtestRunner<br>Test method: Runs Cucumber Scenarios<br>Parameters: "Check user add contact Details successfully in personal section", "Optional[Add and Edit Employee]"</td>
<td></td>
<td>13</td>
<td>com.bddcucumberframework.runner.TestNGtestRunner@43dac38f</td></tr>
<tr>
<td title='com.bddcucumberframework.runner.TestNGtestRunner.runScenario()'><b>runScenario</b><br>Test class: com.bddcucumberframework.runner.TestNGtestRunner<br>Test method: Runs Cucumber Scenarios<br>Parameters: "validation message show when  User forget to enter password in login page", "Optional[Login Action]"</td>
<td></td>
<td>4</td>
<td>com.bddcucumberframework.runner.TestNGtestRunner@43dac38f</td></tr>
<tr>
<td title='com.bddcucumberframework.runner.TestNGtestRunner.runScenario()'><b>runScenario</b><br>Test class: com.bddcucumberframework.runner.TestNGtestRunner<br>Test method: Runs Cucumber Scenarios<br>Parameters: "check password strength", "Optional[Add User Action]"</td>
<td></td>
<td>11</td>
<td>com.bddcucumberframework.runner.TestNGtestRunner@43dac38f</td></tr>
<tr>
<td title='com.bddcucumberframework.runner.TestNGtestRunner.runScenario()'><b>runScenario</b><br>Test class: com.bddcucumberframework.runner.TestNGtestRunner<br>Test method: Runs Cucumber Scenarios<br>Parameters: "Edit user record which is recently added", "Optional[Add User Action]"</td>
<td></td>
<td>14</td>
<td>com.bddcucumberframework.runner.TestNGtestRunner@43dac38f</td></tr>
<tr>
<td title='com.bddcucumberframework.runner.TestNGtestRunner.runScenario()'><b>runScenario</b><br>Test class: com.bddcucumberframework.runner.TestNGtestRunner<br>Test method: Runs Cucumber Scenarios<br>Parameters: "Check user edit job Record successfully in personal section", "Optional[Add and Edit Employee]"</td>
<td></td>
<td>13</td>
<td>com.bddcucumberframework.runner.TestNGtestRunner@43dac38f</td></tr>
<tr>
<td title='com.bddcucumberframework.runner.TestNGtestRunner.runScenario()'><b>runScenario</b><br>Test class: com.bddcucumberframework.runner.TestNGtestRunner<br>Test method: Runs Cucumber Scenarios<br>Parameters: "Check user edit custom Field successfully", "Optional[Add and Edit Employee]"</td>
<td></td>
<td>12</td>
<td>com.bddcucumberframework.runner.TestNGtestRunner@43dac38f</td></tr>
<tr>
<td title='com.bddcucumberframework.runner.TestNGtestRunner.runScenario()'><b>runScenario</b><br>Test class: com.bddcucumberframework.runner.TestNGtestRunner<br>Test method: Runs Cucumber Scenarios<br>Parameters: "User Added Successfully.", "Optional[Add User Action]"</td>
<td></td>
<td>14</td>
<td>com.bddcucumberframework.runner.TestNGtestRunner@43dac38f</td></tr>
<tr>
<td title='com.bddcucumberframework.runner.TestNGtestRunner.runScenario()'><b>runScenario</b><br>Test class: com.bddcucumberframework.runner.TestNGtestRunner<br>Test method: Runs Cucumber Scenarios<br>Parameters: "Check Date validation message show  Employee Record successfully", "Optional[Add and Edit Employee]"</td>
<td></td>
<td>11</td>
<td>com.bddcucumberframework.runner.TestNGtestRunner@43dac38f</td></tr>
<tr>
<td title='com.bddcucumberframework.runner.TestNGtestRunner.runScenario()'><b>runScenario</b><br>Test class: com.bddcucumberframework.runner.TestNGtestRunner<br>Test method: Runs Cucumber Scenarios<br>Parameters: "Check user edit emergency contact Details successfully in personal section", "Optional[Add and Edit Employee]"</td>
<td></td>
<td>13</td>
<td>com.bddcucumberframework.runner.TestNGtestRunner@43dac38f</td></tr>
<tr>
<td title='com.bddcucumberframework.runner.TestNGtestRunner.runScenario()'><b>runScenario</b><br>Test class: com.bddcucumberframework.runner.TestNGtestRunner<br>Test method: Runs Cucumber Scenarios<br>Parameters: "Edit custom field Successfully", "Optional[Custom form Action]"</td>
<td></td>
<td>10</td>
<td>com.bddcucumberframework.runner.TestNGtestRunner@43dac38f</td></tr>
<tr>
<td title='com.bddcucumberframework.runner.TestNGtestRunner.runScenario()'><b>runScenario</b><br>Test class: com.bddcucumberframework.runner.TestNGtestRunner<br>Test method: Runs Cucumber Scenarios<br>Parameters: "Delete Employee Record successfully", "Optional[Add and Edit Employee]"</td>
<td></td>
<td>11</td>
<td>com.bddcucumberframework.runner.TestNGtestRunner@43dac38f</td></tr>
<tr>
<td title='com.bddcucumberframework.runner.TestNGtestRunner.runScenario()'><b>runScenario</b><br>Test class: com.bddcucumberframework.runner.TestNGtestRunner<br>Test method: Runs Cucumber Scenarios<br>Parameters: "check password field mandatory when I forget to enter password", "Optional[Add User Action]"</td>
<td></td>
<td>10</td>
<td>com.bddcucumberframework.runner.TestNGtestRunner@43dac38f</td></tr>
<tr>
<td title='com.bddcucumberframework.runner.TestNGtestRunner.runScenario()'><b>runScenario</b><br>Test class: com.bddcucumberframework.runner.TestNGtestRunner<br>Test method: Runs Cucumber Scenarios<br>Parameters: "search a user which is added successfully", "Optional[Add User Action]"</td>
<td></td>
<td>9</td>
<td>com.bddcucumberframework.runner.TestNGtestRunner@43dac38f</td></tr>
<tr>
<td title='com.bddcucumberframework.runner.TestNGtestRunner.runScenario()'><b>runScenario</b><br>Test class: com.bddcucumberframework.runner.TestNGtestRunner<br>Test method: Runs Cucumber Scenarios<br>Parameters: "check Miss Match password Validation show in confirm password field.", "Optional[Add User Action]"</td>
<td></td>
<td>10</td>
<td>com.bddcucumberframework.runner.TestNGtestRunner@43dac38f</td></tr>
<tr>
<td title='com.bddcucumberframework.runner.TestNGtestRunner.runScenario()'><b>runScenario</b><br>Test class: com.bddcucumberframework.runner.TestNGtestRunner<br>Test method: Runs Cucumber Scenarios<br>Parameters: "Required validation message show in custom field form", "Optional[Custom form Action]"</td>
<td></td>
<td>8</td>
<td>com.bddcucumberframework.runner.TestNGtestRunner@43dac38f</td></tr>
<tr>
<td title='com.bddcucumberframework.runner.TestNGtestRunner.runScenario()'><b>runScenario</b><br>Test class: com.bddcucumberframework.runner.TestNGtestRunner<br>Test method: Runs Cucumber Scenarios<br>Parameters: "check password strength", "Optional[Add User Action]"</td>
<td></td>
<td>11</td>
<td>com.bddcucumberframework.runner.TestNGtestRunner@43dac38f</td></tr>
<tr>
<td title='com.bddcucumberframework.runner.TestNGtestRunner.runScenario()'><b>runScenario</b><br>Test class: com.bddcucumberframework.runner.TestNGtestRunner<br>Test method: Runs Cucumber Scenarios<br>Parameters: "Add job titles", "Optional[Add and delete job Functionality]"</td>
<td></td>
<td>16</td>
<td>com.bddcucumberframework.runner.TestNGtestRunner@43dac38f</td></tr>
<tr>
<td title='com.bddcucumberframework.runner.TestNGtestRunner.runScenario()'><b>runScenario</b><br>Test class: com.bddcucumberframework.runner.TestNGtestRunner<br>Test method: Runs Cucumber Scenarios<br>Parameters: "User enter invalid Credentials in login page", "Optional[Login Action]"</td>
<td></td>
<td>5</td>
<td>com.bddcucumberframework.runner.TestNGtestRunner@43dac38f</td></tr>
<tr>
<td title='com.bddcucumberframework.runner.TestNGtestRunner.runScenario()'><b>runScenario</b><br>Test class: com.bddcucumberframework.runner.TestNGtestRunner<br>Test method: Runs Cucumber Scenarios<br>Parameters: "Check user added employee tax Exemption Record successfully in personal section", "Optional[Add and Edit Employee]"</td>
<td></td>
<td>13</td>
<td>com.bddcucumberframework.runner.TestNGtestRunner@43dac38f</td></tr>
<tr>
<td title='com.bddcucumberframework.runner.TestNGtestRunner.runScenario()'><b>runScenario</b><br>Test class: com.bddcucumberframework.runner.TestNGtestRunner<br>Test method: Runs Cucumber Scenarios<br>Parameters: "Delete Reporting Method Successfully", "Optional[Reporting Method]"</td>
<td></td>
<td>9</td>
<td>com.bddcucumberframework.runner.TestNGtestRunner@43dac38f</td></tr>
<tr>
<td title='com.bddcucumberframework.runner.TestNGtestRunner.runScenario()'><b>runScenario</b><br>Test class: com.bddcucumberframework.runner.TestNGtestRunner<br>Test method: Runs Cucumber Scenarios<br>Parameters: "Check user upload profile image successfully in personal section", "Optional[Add and Edit Employee]"</td>
<td></td>
<td>12</td>
<td>com.bddcucumberframework.runner.TestNGtestRunner@43dac38f</td></tr>
<tr>
<td title='com.bddcucumberframework.runner.TestNGtestRunner.runScenario()'><b>runScenario</b><br>Test class: com.bddcucumberframework.runner.TestNGtestRunner<br>Test method: Runs Cucumber Scenarios<br>Parameters: "Check user edit Immigration Record successfully in personal section", "Optional[Add and Edit Employee]"</td>
<td></td>
<td>12</td>
<td>com.bddcucumberframework.runner.TestNGtestRunner@43dac38f</td></tr>
<tr>
<td title='com.bddcucumberframework.runner.TestNGtestRunner.runScenario()'><b>runScenario</b><br>Test class: com.bddcucumberframework.runner.TestNGtestRunner<br>Test method: Runs Cucumber Scenarios<br>Parameters: "Add Reporting Method Successfully", "Optional[Reporting Method]"</td>
<td></td>
<td>10</td>
<td>com.bddcucumberframework.runner.TestNGtestRunner@43dac38f</td></tr>
<tr>
<td title='com.bddcucumberframework.runner.TestNGtestRunner.runScenario()'><b>runScenario</b><br>Test class: com.bddcucumberframework.runner.TestNGtestRunner<br>Test method: Runs Cucumber Scenarios<br>Parameters: "Check user added employee MemberShip Record successfully in personal section", "Optional[Add and Edit Employee]"</td>
<td></td>
<td>14</td>
<td>com.bddcucumberframework.runner.TestNGtestRunner@43dac38f</td></tr>
<tr>
<td title='com.bddcucumberframework.runner.TestNGtestRunner.runScenario()'><b>runScenario</b><br>Test class: com.bddcucumberframework.runner.TestNGtestRunner<br>Test method: Runs Cucumber Scenarios<br>Parameters: "User go to System User page of application", "Optional[Navigation to appropriate page]"</td>
<td></td>
<td>9</td>
<td>com.bddcucumberframework.runner.TestNGtestRunner@43dac38f</td></tr>
<tr>
<td title='com.bddcucumberframework.runner.TestNGtestRunner.runScenario()'><b>runScenario</b><br>Test class: com.bddcucumberframework.runner.TestNGtestRunner<br>Test method: Runs Cucumber Scenarios<br>Parameters: "check password strength", "Optional[Add User Action]"</td>
<td></td>
<td>11</td>
<td>com.bddcucumberframework.runner.TestNGtestRunner@43dac38f</td></tr>
<tr>
<td title='com.bddcucumberframework.runner.TestNGtestRunner.runScenario()'><b>runScenario</b><br>Test class: com.bddcucumberframework.runner.TestNGtestRunner<br>Test method: Runs Cucumber Scenarios<br>Parameters: "Add custom field Successfully", "Optional[Custom form Action]"</td>
<td></td>
<td>10</td>
<td>com.bddcucumberframework.runner.TestNGtestRunner@43dac38f</td></tr>
<tr>
<td title='com.bddcucumberframework.runner.TestNGtestRunner.runScenario()'><b>runScenario</b><br>Test class: com.bddcucumberframework.runner.TestNGtestRunner<br>Test method: Runs Cucumber Scenarios<br>Parameters: "User enter invalid Credentials in login page", "Optional[Login Action]"</td>
<td></td>
<td>5</td>
<td>com.bddcucumberframework.runner.TestNGtestRunner@43dac38f</td></tr>
<tr>
<td title='com.bddcucumberframework.runner.TestNGtestRunner.runScenario()'><b>runScenario</b><br>Test class: com.bddcucumberframework.runner.TestNGtestRunner<br>Test method: Runs Cucumber Scenarios<br>Parameters: "Check user Attached file successfully in employee personal section", "Optional[Add and Edit Employee]"</td>
<td></td>
<td>13</td>
<td>com.bddcucumberframework.runner.TestNGtestRunner@43dac38f</td></tr>
<tr>
<td title='com.bddcucumberframework.runner.TestNGtestRunner.runScenario()'><b>runScenario</b><br>Test class: com.bddcucumberframework.runner.TestNGtestRunner<br>Test method: Runs Cucumber Scenarios<br>Parameters: "Delete custom field record Successfully", "Optional[Custom form Action]"</td>
<td></td>
<td>9</td>
<td>com.bddcucumberframework.runner.TestNGtestRunner@43dac38f</td></tr>
<tr>
<td title='com.bddcucumberframework.runner.TestNGtestRunner.runScenario()'><b>runScenario</b><br>Test class: com.bddcucumberframework.runner.TestNGtestRunner<br>Test method: Runs Cucumber Scenarios<br>Parameters: "User login successfully", "Optional[Login Action]"</td>
<td></td>
<td>7</td>
<td>com.bddcucumberframework.runner.TestNGtestRunner@43dac38f</td></tr>
<tr>
<td title='com.bddcucumberframework.runner.TestNGtestRunner.runScenario()'><b>runScenario</b><br>Test class: com.bddcucumberframework.runner.TestNGtestRunner<br>Test method: Runs Cucumber Scenarios<br>Parameters: "check password strength", "Optional[Add User Action]"</td>
<td></td>
<td>11</td>
<td>com.bddcucumberframework.runner.TestNGtestRunner@43dac38f</td></tr>
<tr>
<td title='com.bddcucumberframework.runner.TestNGtestRunner.runScenario()'><b>runScenario</b><br>Test class: com.bddcucumberframework.runner.TestNGtestRunner<br>Test method: Runs Cucumber Scenarios<br>Parameters: "Check user edit Employee Personal Details successfully", "Optional[Add and Edit Employee]"</td>
<td></td>
<td>13</td>
<td>com.bddcucumberframework.runner.TestNGtestRunner@43dac38f</td></tr>
<tr>
<td title='com.bddcucumberframework.runner.TestNGtestRunner.runScenario()'><b>runScenario</b><br>Test class: com.bddcucumberframework.runner.TestNGtestRunner<br>Test method: Runs Cucumber Scenarios<br>Parameters: "Add Employee Record successfully", "Optional[Add and Edit Employee]"</td>
<td></td>
<td>12</td>
<td>com.bddcucumberframework.runner.TestNGtestRunner@43dac38f</td></tr>
<tr>
<td title='com.bddcucumberframework.runner.TestNGtestRunner.runScenario()'><b>runScenario</b><br>Test class: com.bddcucumberframework.runner.TestNGtestRunner<br>Test method: Runs Cucumber Scenarios<br>Parameters: "Check user added employee Salary Record successfully in personal section", "Optional[Add and Edit Employee]"</td>
<td></td>
<td>13</td>
<td>com.bddcucumberframework.runner.TestNGtestRunner@43dac38f</td></tr>
<tr>
<td title='com.bddcucumberframework.runner.TestNGtestRunner.runScenario()'><b>runScenario</b><br>Test class: com.bddcucumberframework.runner.TestNGtestRunner<br>Test method: Runs Cucumber Scenarios<br>Parameters: "validation message show when User forget to enter username in login page", "Optional[Login Action]"</td>
<td></td>
<td>3</td>
<td>com.bddcucumberframework.runner.TestNGtestRunner@43dac38f</td></tr>
<tr>
<td title='com.bddcucumberframework.runner.TestNGtestRunner.runScenario()'><b>runScenario</b><br>Test class: com.bddcucumberframework.runner.TestNGtestRunner<br>Test method: Runs Cucumber Scenarios<br>Parameters: "Delete Employee Record not found in list", "Optional[Add and Edit Employee]"</td>
<td></td>
<td>10</td>
<td>com.bddcucumberframework.runner.TestNGtestRunner@43dac38f</td></tr>
<tr>
<td title='com.bddcucumberframework.runner.TestNGtestRunner.runScenario()'><b>runScenario</b><br>Test class: com.bddcucumberframework.runner.TestNGtestRunner<br>Test method: Runs Cucumber Scenarios<br>Parameters: "Delete Job Title", "Optional[Add and delete job Functionality]"</td>
<td></td>
<td>10</td>
<td>com.bddcucumberframework.runner.TestNGtestRunner@43dac38f</td></tr>
<tr>
<td title='com.bddcucumberframework.runner.TestNGtestRunner.runScenario()'><b>runScenario</b><br>Test class: com.bddcucumberframework.runner.TestNGtestRunner<br>Test method: Runs Cucumber Scenarios<br>Parameters: "check password strength", "Optional[Add User Action]"</td>
<td></td>
<td>11</td>
<td>com.bddcucumberframework.runner.TestNGtestRunner@43dac38f</td></tr>
<tr>
<td title='com.bddcucumberframework.runner.TestNGtestRunner.runScenario()'><b>runScenario</b><br>Test class: com.bddcucumberframework.runner.TestNGtestRunner<br>Test method: Runs Cucumber Scenarios<br>Parameters: "Delete user record which is Edit recently", "Optional[Add User Action]"</td>
<td></td>
<td>11</td>
<td>com.bddcucumberframework.runner.TestNGtestRunner@43dac38f</td></tr>
<tr>
<td title='com.bddcucumberframework.runner.TestNGtestRunner.runScenario()'><b>runScenario</b><br>Test class: com.bddcucumberframework.runner.TestNGtestRunner<br>Test method: Runs Cucumber Scenarios<br>Parameters: "User logout from application", "Optional[Logout Functionality]"</td>
<td></td>
<td>10</td>
<td>com.bddcucumberframework.runner.TestNGtestRunner@43dac38f</td></tr>
</table><p>
</body>
</html>