<?xml version="1.0" encoding="UTF-8"?>
<!-- Generated by org.testng.reporters.JUnitReportReporter -->
<testsuite hostname="DESKTOP-DHM9ER7" failures="0" tests="42" name="com.bddcucumberframework.runner.TestNGtestRunner" time="461.147" errors="1" timestamp="2022-04-11T22:43:31 EEST" skipped="0">
  <testcase classname="com.bddcucumberframework.runner.TestNGtestRunner" name="runScenario" time="9.022">
    <error message="invalid argument: File not found : C:\Users\onoff\Downloads\importData.csv
  (Session info: chrome=99.0.4844.84)
Build info: version: &#039;3.141.59&#039;, revision: &#039;e82be7d358&#039;, time: &#039;2018-11-14T08:17:03&#039;
System info: host: &#039;DESKTOP-DHM9ER7&#039;, ip: &#039;192.168.0.23&#039;, os.name: &#039;Windows 10&#039;, os.arch: &#039;amd64&#039;, os.version: &#039;10.0&#039;, java.version: &#039;17.0.1&#039;
Driver info: org.openqa.selenium.chrome.ChromeDriver
Capabilities {acceptInsecureCerts: false, browserName: chrome, browserVersion: 99.0.4844.84, chrome: {chromedriverVersion: 98.0.4758.102 (273bf7ac8c90..., userDataDir: C:\Users\HP\AppData\Local\T...}, goog:chromeOptions: {debuggerAddress: localhost:60695}, javascriptEnabled: true, networkConnectionEnabled: false, pageLoadStrategy: normal, platform: WINDOWS, platformName: WINDOWS, proxy: Proxy(), setWindowRect: true, strictFileInteractability: false, timeouts: {implicit: 0, pageLoad: 300000, script: 30000}, unhandledPromptBehavior: dismiss and notify, webauthn:extension:credBlob: true, webauthn:extension:largeBlob: true, webauthn:virtualAuthenticators: true}
Session ID: e62ec6db160ad8e6a66e3ae3af783d52" type="org.openqa.selenium.InvalidArgumentException">
      <![CDATA[org.openqa.selenium.InvalidArgumentException: invalid argument: File not found : C:\Users\onoff\Downloads\importData.csv
  (Session info: chrome=99.0.4844.84)
Build info: version: '3.141.59', revision: 'e82be7d358', time: '2018-11-14T08:17:03'
System info: host: 'DESKTOP-DHM9ER7', ip: '192.168.0.23', os.name: 'Windows 10', os.arch: 'amd64', os.version: '10.0', java.version: '17.0.1'
Driver info: org.openqa.selenium.chrome.ChromeDriver
Capabilities {acceptInsecureCerts: false, browserName: chrome, browserVersion: 99.0.4844.84, chrome: {chromedriverVersion: 98.0.4758.102 (273bf7ac8c90..., userDataDir: C:\Users\HP\AppData\Local\T...}, goog:chromeOptions: {debuggerAddress: localhost:60695}, javascriptEnabled: true, networkConnectionEnabled: false, pageLoadStrategy: normal, platform: WINDOWS, platformName: WINDOWS, proxy: Proxy(), setWindowRect: true, strictFileInteractability: false, timeouts: {implicit: 0, pageLoad: 300000, script: 30000}, unhandledPromptBehavior: dismiss and notify, webauthn:extension:credBlob: true, webauthn:extension:largeBlob: true, webauthn:virtualAuthenticators: true}
Session ID: e62ec6db160ad8e6a66e3ae3af783d52
at java.base/jdk.internal.reflect.NativeConstructorAccessorImpl.newInstance0(Native Method)
at java.base/jdk.internal.reflect.NativeConstructorAccessorImpl.newInstance(NativeConstructorAccessorImpl.java:77)
at java.base/jdk.internal.reflect.DelegatingConstructorAccessorImpl.newInstance(DelegatingConstructorAccessorImpl.java:45)
at java.base/java.lang.reflect.Constructor.newInstanceWithCaller(Constructor.java:499)
at java.base/java.lang.reflect.Constructor.newInstance(Constructor.java:480)
at org.openqa.selenium.remote.http.W3CHttpResponseCodec.createException(W3CHttpResponseCodec.java:187)
at org.openqa.selenium.remote.http.W3CHttpResponseCodec.decode(W3CHttpResponseCodec.java:122)
at org.openqa.selenium.remote.http.W3CHttpResponseCodec.decode(W3CHttpResponseCodec.java:49)
at org.openqa.selenium.remote.HttpCommandExecutor.execute(HttpCommandExecutor.java:158)
at org.openqa.selenium.remote.service.DriverCommandExecutor.execute(DriverCommandExecutor.java:83)
at org.openqa.selenium.remote.RemoteWebDriver.execute(RemoteWebDriver.java:552)
at org.openqa.selenium.remote.RemoteWebElement.execute(RemoteWebElement.java:285)
at org.openqa.selenium.remote.RemoteWebElement.sendKeys(RemoteWebElement.java:106)
at com.bddcucumberframework.pagesObject.DataImportPage.uploadFileInDataImportSection(DataImportPage.java:55)
at com.bddcucumberframework.stepDefinations.DataImportPageStepDefination.upload_file_from_data_import_section(DataImportPageStepDefination.java:57)
at âœ½.Upload File from Data Import Section(file:///C:/WebProject/Demo-Orange-hrm/src/test/java/features/DataImport.feature:14)
]]>
    </error>
  </testcase> <!-- runScenario -->
  <system-out/>
  <testcase classname="com.bddcucumberframework.runner.TestNGtestRunner" name="runScenario" time="13.485"/>
  <system-out/>
  <testcase classname="com.bddcucumberframework.runner.TestNGtestRunner" name="runScenario" time="4.005"/>
  <system-out/>
  <testcase classname="com.bddcucumberframework.runner.TestNGtestRunner" name="runScenario" time="11.430"/>
  <system-out/>
  <testcase classname="com.bddcucumberframework.runner.TestNGtestRunner" name="runScenario" time="14.476"/>
  <system-out/>
  <testcase classname="com.bddcucumberframework.runner.TestNGtestRunner" name="runScenario" time="13.655"/>
  <system-out/>
  <testcase classname="com.bddcucumberframework.runner.TestNGtestRunner" name="runScenario" time="12.410"/>
  <system-out/>
  <testcase classname="com.bddcucumberframework.runner.TestNGtestRunner" name="runScenario" time="14.063"/>
  <system-out/>
  <testcase classname="com.bddcucumberframework.runner.TestNGtestRunner" name="runScenario" time="11.973"/>
  <system-out/>
  <testcase classname="com.bddcucumberframework.runner.TestNGtestRunner" name="runScenario" time="13.254"/>
  <system-out/>
  <testcase classname="com.bddcucumberframework.runner.TestNGtestRunner" name="runScenario" time="10.206"/>
  <system-out/>
  <testcase classname="com.bddcucumberframework.runner.TestNGtestRunner" name="runScenario" time="11.078"/>
  <system-out/>
  <testcase classname="com.bddcucumberframework.runner.TestNGtestRunner" name="runScenario" time="10.887"/>
  <system-out/>
  <testcase classname="com.bddcucumberframework.runner.TestNGtestRunner" name="runScenario" time="9.529"/>
  <system-out/>
  <testcase classname="com.bddcucumberframework.runner.TestNGtestRunner" name="runScenario" time="10.805"/>
  <system-out/>
  <testcase classname="com.bddcucumberframework.runner.TestNGtestRunner" name="runScenario" time="8.987"/>
  <system-out/>
  <testcase classname="com.bddcucumberframework.runner.TestNGtestRunner" name="runScenario" time="11.532"/>
  <system-out/>
  <testcase classname="com.bddcucumberframework.runner.TestNGtestRunner" name="runScenario" time="16.914"/>
  <system-out/>
  <testcase classname="com.bddcucumberframework.runner.TestNGtestRunner" name="runScenario" time="5.433"/>
  <system-out/>
  <testcase classname="com.bddcucumberframework.runner.TestNGtestRunner" name="runScenario" time="13.165"/>
  <system-out/>
  <testcase classname="com.bddcucumberframework.runner.TestNGtestRunner" name="runScenario" time="9.621"/>
  <system-out/>
  <testcase classname="com.bddcucumberframework.runner.TestNGtestRunner" name="runScenario" time="12.474"/>
  <system-out/>
  <testcase classname="com.bddcucumberframework.runner.TestNGtestRunner" name="runScenario" time="12.991"/>
  <system-out/>
  <testcase classname="com.bddcucumberframework.runner.TestNGtestRunner" name="runScenario" time="10.001"/>
  <system-out/>
  <testcase classname="com.bddcucumberframework.runner.TestNGtestRunner" name="runScenario" time="14.505"/>
  <system-out/>
  <testcase classname="com.bddcucumberframework.runner.TestNGtestRunner" name="runScenario" time="9.036"/>
  <system-out/>
  <testcase classname="com.bddcucumberframework.runner.TestNGtestRunner" name="runScenario" time="11.192"/>
  <system-out/>
  <testcase classname="com.bddcucumberframework.runner.TestNGtestRunner" name="runScenario" time="10.167"/>
  <system-out/>
  <testcase classname="com.bddcucumberframework.runner.TestNGtestRunner" name="runScenario" time="5.015"/>
  <system-out/>
  <testcase classname="com.bddcucumberframework.runner.TestNGtestRunner" name="runScenario" time="13.510"/>
  <system-out/>
  <testcase classname="com.bddcucumberframework.runner.TestNGtestRunner" name="runScenario" time="9.887"/>
  <system-out/>
  <testcase classname="com.bddcucumberframework.runner.TestNGtestRunner" name="runScenario" time="7.405"/>
  <system-out/>
  <testcase classname="com.bddcucumberframework.runner.TestNGtestRunner" name="runScenario" time="11.719"/>
  <system-out/>
  <testcase classname="com.bddcucumberframework.runner.TestNGtestRunner" name="runScenario" time="13.767"/>
  <system-out/>
  <testcase classname="com.bddcucumberframework.runner.TestNGtestRunner" name="runScenario" time="12.068"/>
  <system-out/>
  <testcase classname="com.bddcucumberframework.runner.TestNGtestRunner" name="runScenario" time="13.278"/>
  <system-out/>
  <testcase classname="com.bddcucumberframework.runner.TestNGtestRunner" name="runScenario" time="3.962"/>
  <system-out/>
  <testcase classname="com.bddcucumberframework.runner.TestNGtestRunner" name="runScenario" time="10.529"/>
  <system-out/>
  <testcase classname="com.bddcucumberframework.runner.TestNGtestRunner" name="runScenario" time="10.186"/>
  <system-out/>
  <testcase classname="com.bddcucumberframework.runner.TestNGtestRunner" name="runScenario" time="11.338"/>
  <system-out/>
  <testcase classname="com.bddcucumberframework.runner.TestNGtestRunner" name="runScenario" time="11.892"/>
  <system-out/>
  <testcase classname="com.bddcucumberframework.runner.TestNGtestRunner" name="runScenario" time="10.295"/>
  <system-out/>
</testsuite> <!-- com.bddcucumberframework.runner.TestNGtestRunner -->
